<?xml version="1.0" encoding="UTF-8"?>
<!-- Generated by org.testng.reporters.JUnitXMLReporter -->
<testsuite ignored="0" hostname="asus" failures="0" tests="4" name="Default test" time="28.492" errors="0" timestamp="2024-07-28T17:42:44 IST">
  <testcase classname="com.paragon.MainTest" name="verfyLogin" time="11.474"/>
  <testcase classname="com.paragon.MainTest" name="verifyText" time="0.031"/>
  <testcase classname="com.paragon.MainTest" name="searchProductByText" time="4.237"/>
  <testcase classname="com.paragon.MainTest" name="addTocartAndIncreasetheQty" time="9.603"/>
</testsuite> <!-- Default test -->
